21:15:55 **** Incremental Build of configuration Debug for project InterruptHandler ****
make -j8 all 
arm-none-eabi-gcc "../Drivers/STM32L4xx_HAL_Driver/Src/stm32l4xx_hal.c" -mcpu=cortex-m4 -std=gnu11 -g3 -DUSE_HAL_DRIVER -DSTM32L476xx -DDEBUG -c -I../Core/Inc -I../Drivers/STM32L4xx_HAL_Driver/Inc -I../Drivers/STM32L4xx_HAL_Driver/Inc/Legacy -I../Drivers/CMSIS/Device/ST/STM32L4xx/Include -I../Drivers/CMSIS/Include -O0 -ffunction-sections -fdata-sections -Wall -fstack-usage -MMD -MP -MF"Drivers/STM32L4xx_HAL_Driver/Src/stm32l4xx_hal.d" -MT"Drivers/STM32L4xx_HAL_Driver/Src/stm32l4xx_hal.o" --specs=nano.specs -mfpu=fpv4-sp-d16 -mfloat-abi=hard -mthumb -o "Drivers/STM32L4xx_HAL_Driver/Src/stm32l4xx_hal.o"
arm-none-eabi-gcc "../Drivers/STM32L4xx_HAL_Driver/Src/stm32l4xx_hal_cortex.c" -mcpu=cortex-m4 -std=gnu11 -g3 -DUSE_HAL_DRIVER -DSTM32L476xx -DDEBUG -c -I../Core/Inc -I../Drivers/STM32L4xx_HAL_Driver/Inc -I../Drivers/STM32L4xx_HAL_Driver/Inc/Legacy -I../Drivers/CMSIS/Device/ST/STM32L4xx/Include -I../Drivers/CMSIS/Include -O0 -ffunction-sections -fdata-sections -Wall -fstack-usage -MMD -MP -MF"Drivers/STM32L4xx_HAL_Driver/Src/stm32l4xx_hal_cortex.d" -MT"Drivers/STM32L4xx_HAL_Driver/Src/stm32l4xx_hal_cortex.o" --specs=nano.specs -mfpu=fpv4-sp-d16 -mfloat-abi=hard -mthumb -o "Drivers/STM32L4xx_HAL_Driver/Src/stm32l4xx_hal_cortex.o"
arm-none-eabi-gcc "../Drivers/STM32L4xx_HAL_Driver/Src/stm32l4xx_hal_dma.c" -mcpu=cortex-m4 -std=gnu11 -g3 -DUSE_HAL_DRIVER -DSTM32L476xx -DDEBUG -c -I../Core/Inc -I../Drivers/STM32L4xx_HAL_Driver/Inc -I../Drivers/STM32L4xx_HAL_Driver/Inc/Legacy -I../Drivers/CMSIS/Device/ST/STM32L4xx/Include -I../Drivers/CMSIS/Include -O0 -ffunction-sections -fdata-sections -Wall -fstack-usage -MMD -MP -MF"Drivers/STM32L4xx_HAL_Driver/Src/stm32l4xx_hal_dma.d" -MT"Drivers/STM32L4xx_HAL_Driver/Src/stm32l4xx_hal_dma.o" --specs=nano.specs -mfpu=fpv4-sp-d16 -mfloat-abi=hard -mthumb -o "Drivers/STM32L4xx_HAL_Driver/Src/stm32l4xx_hal_dma.o"
arm-none-eabi-gcc "../Drivers/STM32L4xx_HAL_Driver/Src/stm32l4xx_hal_dma_ex.c" -mcpu=cortex-m4 -std=gnu11 -g3 -DUSE_HAL_DRIVER -DSTM32L476xx -DDEBUG -c -I../Core/Inc -I../Drivers/STM32L4xx_HAL_Driver/Inc -I../Drivers/STM32L4xx_HAL_Driver/Inc/Legacy -I../Drivers/CMSIS/Device/ST/STM32L4xx/Include -I../Drivers/CMSIS/Include -O0 -ffunction-sections -fdata-sections -Wall -fstack-usage -MMD -MP -MF"Drivers/STM32L4xx_HAL_Driver/Src/stm32l4xx_hal_dma_ex.d" -MT"Drivers/STM32L4xx_HAL_Driver/Src/stm32l4xx_hal_dma_ex.o" --specs=nano.specs -mfpu=fpv4-sp-d16 -mfloat-abi=hard -mthumb -o "Drivers/STM32L4xx_HAL_Driver/Src/stm32l4xx_hal_dma_ex.o"
arm-none-eabi-gcc "../Drivers/STM32L4xx_HAL_Driver/Src/stm32l4xx_hal_exti.c" -mcpu=cortex-m4 -std=gnu11 -g3 -DUSE_HAL_DRIVER -DSTM32L476xx -DDEBUG -c -I../Core/Inc -I../Drivers/STM32L4xx_HAL_Driver/Inc -I../Drivers/STM32L4xx_HAL_Driver/Inc/Legacy -I../Drivers/CMSIS/Device/ST/STM32L4xx/Include -I../Drivers/CMSIS/Include -O0 -ffunction-sections -fdata-sections -Wall -fstack-usage -MMD -MP -MF"Drivers/STM32L4xx_HAL_Driver/Src/stm32l4xx_hal_exti.d" -MT"Drivers/STM32L4xx_HAL_Driver/Src/stm32l4xx_hal_exti.o" --specs=nano.specs -mfpu=fpv4-sp-d16 -mfloat-abi=hard -mthumb -o "Drivers/STM32L4xx_HAL_Driver/Src/stm32l4xx_hal_exti.o"
arm-none-eabi-gcc "../Drivers/STM32L4xx_HAL_Driver/Src/stm32l4xx_hal_flash.c" -mcpu=cortex-m4 -std=gnu11 -g3 -DUSE_HAL_DRIVER -DSTM32L476xx -DDEBUG -c -I../Core/Inc -I../Drivers/STM32L4xx_HAL_Driver/Inc -I../Drivers/STM32L4xx_HAL_Driver/Inc/Legacy -I../Drivers/CMSIS/Device/ST/STM32L4xx/Include -I../Drivers/CMSIS/Include -O0 -ffunction-sections -fdata-sections -Wall -fstack-usage -MMD -MP -MF"Drivers/STM32L4xx_HAL_Driver/Src/stm32l4xx_hal_flash.d" -MT"Drivers/STM32L4xx_HAL_Driver/Src/stm32l4xx_hal_flash.o" --specs=nano.specs -mfpu=fpv4-sp-d16 -mfloat-abi=hard -mthumb -o "Drivers/STM32L4xx_HAL_Driver/Src/stm32l4xx_hal_flash.o"
arm-none-eabi-gcc "../Drivers/STM32L4xx_HAL_Driver/Src/stm32l4xx_hal_flash_ex.c" -mcpu=cortex-m4 -std=gnu11 -g3 -DUSE_HAL_DRIVER -DSTM32L476xx -DDEBUG -c -I../Core/Inc -I../Drivers/STM32L4xx_HAL_Driver/Inc -I../Drivers/STM32L4xx_HAL_Driver/Inc/Legacy -I../Drivers/CMSIS/Device/ST/STM32L4xx/Include -I../Drivers/CMSIS/Include -O0 -ffunction-sections -fdata-sections -Wall -fstack-usage -MMD -MP -MF"Drivers/STM32L4xx_HAL_Driver/Src/stm32l4xx_hal_flash_ex.d" -MT"Drivers/STM32L4xx_HAL_Driver/Src/stm32l4xx_hal_flash_ex.o" --specs=nano.specs -mfpu=fpv4-sp-d16 -mfloat-abi=hard -mthumb -o "Drivers/STM32L4xx_HAL_Driver/Src/stm32l4xx_hal_flash_ex.o"
arm-none-eabi-gcc "../Drivers/STM32L4xx_HAL_Driver/Src/stm32l4xx_hal_flash_ramfunc.c" -mcpu=cortex-m4 -std=gnu11 -g3 -DUSE_HAL_DRIVER -DSTM32L476xx -DDEBUG -c -I../Core/Inc -I../Drivers/STM32L4xx_HAL_Driver/Inc -I../Drivers/STM32L4xx_HAL_Driver/Inc/Legacy -I../Drivers/CMSIS/Device/ST/STM32L4xx/Include -I../Drivers/CMSIS/Include -O0 -ffunction-sections -fdata-sections -Wall -fstack-usage -MMD -MP -MF"Drivers/STM32L4xx_HAL_Driver/Src/stm32l4xx_hal_flash_ramfunc.d" -MT"Drivers/STM32L4xx_HAL_Driver/Src/stm32l4xx_hal_flash_ramfunc.o" --specs=nano.specs -mfpu=fpv4-sp-d16 -mfloat-abi=hard -mthumb -o "Drivers/STM32L4xx_HAL_Driver/Src/stm32l4xx_hal_flash_ramfunc.o"
In file included from ../Drivers/STM32L4xx_HAL_Driver/Src/stm32l4xx_hal_cortex.c:105:0:
../Drivers/STM32L4xx_HAL_Driver/Inc/stm32l4xx_hal.h:30:10: fatal error: stm32l4xx_hal_conf.h: No such file or directory
 #include "stm32l4xx_hal_conf.h"
          ^~~~~~~~~~~~~~~~~~~~~~
In file included from ../Drivers/STM32L4xx_HAL_Driver/Src/stm32l4xx_hal_flash.c:90:0:
../Drivers/STM32L4xx_HAL_Driver/Inc/stm32l4xx_hal.h:30:10: fatal error: stm32l4xx_hal_conf.h: No such file or directory
 #include "stm32l4xx_hal_conf.h"
          ^~~~~~~~~~~~~~~~~~~~~~
In file included from ../Drivers/STM32L4xx_HAL_Driver/Src/stm32l4xx_hal_flash_ramfunc.c:50:0:
../Drivers/STM32L4xx_HAL_Driver/Inc/stm32l4xx_hal.h:30:10: fatal error: stm32l4xx_hal_conf.h: No such file or directory
 #include "stm32l4xx_hal_conf.h"
          ^~~~~~~~~~~~~~~~~~~~~~
In file included from ../Drivers/STM32L4xx_HAL_Driver/Src/stm32l4xx_hal_dma.c:90:0:
../Drivers/STM32L4xx_HAL_Driver/Inc/stm32l4xx_hal.h:30:10: fatal error: stm32l4xx_hal_conf.h: No such file or directory
 #include "stm32l4xx_hal_conf.h"
          ^~~~~~~~~~~~~~~~~~~~~~
In file included from ../Drivers/STM32L4xx_HAL_Driver/Src/stm32l4xx_hal_dma_ex.c:50:0:
../Drivers/STM32L4xx_HAL_Driver/Inc/stm32l4xx_hal.h:30:10: fatal error: stm32l4xx_hal_conf.h: No such file or directory
 #include "stm32l4xx_hal_conf.h"
          ^~~~~~~~~~~~~~~~~~~~~~
In file included from ../Drivers/STM32L4xx_HAL_Driver/Src/stm32l4xx_hal_flash_ex.c:63:0:
../Drivers/STM32L4xx_HAL_Driver/Inc/stm32l4xx_hal.h:30:10: fatal error: stm32l4xx_hal_conf.h: No such file or directory
 #include "stm32l4xx_hal_conf.h"
          ^~~~~~~~~~~~~~~~~~~~~~
In file included from ../Drivers/STM32L4xx_HAL_Driver/Src/stm32l4xx_hal_exti.c:87:0:
../Drivers/STM32L4xx_HAL_Driver/Inc/stm32l4xx_hal.h:30:10: fatal error: stm32l4xx_hal_conf.h: No such file or directory
 #include "stm32l4xx_hal_conf.h"
          ^~~~~~~~~~~~~~~~~~~~~~
compilation terminated.
compilation terminated.
compilation terminated.
In file included from ../Drivers/STM32L4xx_HAL_Driver/Src/stm32l4xx_hal.c:36:0:
../Drivers/STM32L4xx_HAL_Driver/Inc/stm32l4xx_hal.h:30:10: fatal error: stm32l4xx_hal_conf.h: No such file or directory
 #include "stm32l4xx_hal_conf.h"
          ^~~~~~~~~~~~~~~~~~~~~~
compilation terminated.
compilation terminated.
compilation terminated.
compilation terminated.
compilation terminated.
make: *** [Drivers/STM32L4xx_HAL_Driver/Src/subdir.mk:68: Drivers/STM32L4xx_HAL_Driver/Src/stm32l4xx_hal_cortex.o] Error 1
make: *** Waiting for unfinished jobs....
make: *** [Drivers/STM32L4xx_HAL_Driver/Src/subdir.mk:76: Drivers/STM32L4xx_HAL_Driver/Src/stm32l4xx_hal_flash.o] Error 1
make: *** [Drivers/STM32L4xx_HAL_Driver/Src/subdir.mk:80: Drivers/STM32L4xx_HAL_Driver/Src/stm32l4xx_hal_flash_ramfunc.o] Error 1
make: *** [Drivers/STM32L4xx_HAL_Driver/Src/subdir.mk:66: Drivers/STM32L4xx_HAL_Driver/Src/stm32l4xx_hal.o] Error 1
make: *** [Drivers/STM32L4xx_HAL_Driver/Src/subdir.mk:74: Drivers/STM32L4xx_HAL_Driver/Src/stm32l4xx_hal_exti.o] Error 1
make: *** [Drivers/STM32L4xx_HAL_Driver/Src/subdir.mk:78: Drivers/STM32L4xx_HAL_Driver/Src/stm32l4xx_hal_flash_ex.o] Error 1
make: *** [Drivers/STM32L4xx_HAL_Driver/Src/subdir.mk:70: Drivers/STM32L4xx_HAL_Driver/Src/stm32l4xx_hal_dma.o] Error 1
make: *** [Drivers/STM32L4xx_HAL_Driver/Src/subdir.mk:72: Drivers/STM32L4xx_HAL_Driver/Src/stm32l4xx_hal_dma_ex.o] Error 1
"make -j8 all" terminated with exit code 2. Build might be incomplete.

21:15:56 Build Failed. 17 errors, 0 warnings. (took 1s.261ms)

